<?xml version="1.0" encoding="UTF-8"?>
<!-- Generated by org.testng.reporters.JUnitReportReporter -->
<testsuite hostname="J7MP91M9LP" failures="0" tests="1" name="example.NewTest" time="17.877" errors="0" timestamp="16 May 2023 18:13:01 GMT" skipped="0">
  <testcase classname="example.NewTest" name="testEasy" time="17.877"/>
</testsuite> <!-- example.NewTest -->
