<?xml version="1.0" encoding="UTF-8"?>
<!-- Generated by org.testng.reporters.JUnitReportReporter -->
<testsuite hostname="J7MP91M9LP" failures="0" tests="2" name="example.NewTest" time="224.839" errors="0" timestamp="18 May 2023 17:55:17 GMT" skipped="0">
  <testcase classname="example.NewTest" name="testProductSearch" time="70.594"/>
  <testcase classname="example.NewTest" name="testRegistration" time="154.245"/>
</testsuite> <!-- example.NewTest -->
